CRITICAL - 2024-06-06 05:28:55 --> ParseError: syntax error, unexpected token ">"
[Method: GET, Route: /]
in APPPATH\Views\dashboard.php on line 93.
 1 SYSTEMPATH\View\View.php(237): CodeIgniter\View\View->CodeIgniter\View\{closure}()
 2 SYSTEMPATH\Common.php(1171): CodeIgniter\View\View->render('dashboard', [], true)
 3 APPPATH\Controllers\Dashboard.php(27): view('dashboard', [...])
 4 SYSTEMPATH\CodeIgniter.php(933): App\Controllers\Dashboard->index()
 5 SYSTEMPATH\CodeIgniter.php(509): CodeIgniter\CodeIgniter->runController(Object(App\Controllers\Dashboard))
 6 SYSTEMPATH\CodeIgniter.php(355): CodeIgniter\CodeIgniter->handleRequest(null, Object(Config\Cache), false)
 7 SYSTEMPATH\Boot.php(312): CodeIgniter\CodeIgniter->run()
 8 SYSTEMPATH\Boot.php(67): CodeIgniter\Boot::runCodeIgniter(Object(CodeIgniter\CodeIgniter))
 9 FCPATH\index.php(56): CodeIgniter\Boot::bootWeb(Object(Config\Paths))
CRITICAL - 2024-06-06 05:29:16 --> ParseError: syntax error, unexpected token ">"
[Method: GET, Route: /]
in APPPATH\Views\dashboard.php on line 93.
 1 SYSTEMPATH\View\View.php(237): CodeIgniter\View\View->CodeIgniter\View\{closure}()
 2 SYSTEMPATH\Common.php(1171): CodeIgniter\View\View->render('dashboard', [], true)
 3 APPPATH\Controllers\Dashboard.php(27): view('dashboard', [...])
 4 SYSTEMPATH\CodeIgniter.php(933): App\Controllers\Dashboard->index()
 5 SYSTEMPATH\CodeIgniter.php(509): CodeIgniter\CodeIgniter->runController(Object(App\Controllers\Dashboard))
 6 SYSTEMPATH\CodeIgniter.php(355): CodeIgniter\CodeIgniter->handleRequest(null, Object(Config\Cache), false)
 7 SYSTEMPATH\Boot.php(312): CodeIgniter\CodeIgniter->run()
 8 SYSTEMPATH\Boot.php(67): CodeIgniter\Boot::runCodeIgniter(Object(CodeIgniter\CodeIgniter))
 9 FCPATH\index.php(56): CodeIgniter\Boot::bootWeb(Object(Config\Paths))
CRITICAL - 2024-06-06 05:29:23 --> ParseError: syntax error, unexpected token ">"
[Method: GET, Route: /]
in APPPATH\Views\dashboard.php on line 93.
 1 SYSTEMPATH\View\View.php(237): CodeIgniter\View\View->CodeIgniter\View\{closure}()
 2 SYSTEMPATH\Common.php(1171): CodeIgniter\View\View->render('dashboard', [], true)
 3 APPPATH\Controllers\Dashboard.php(27): view('dashboard', [...])
 4 SYSTEMPATH\CodeIgniter.php(933): App\Controllers\Dashboard->index()
 5 SYSTEMPATH\CodeIgniter.php(509): CodeIgniter\CodeIgniter->runController(Object(App\Controllers\Dashboard))
 6 SYSTEMPATH\CodeIgniter.php(355): CodeIgniter\CodeIgniter->handleRequest(null, Object(Config\Cache), false)
 7 SYSTEMPATH\Boot.php(312): CodeIgniter\CodeIgniter->run()
 8 SYSTEMPATH\Boot.php(67): CodeIgniter\Boot::runCodeIgniter(Object(CodeIgniter\CodeIgniter))
 9 FCPATH\index.php(56): CodeIgniter\Boot::bootWeb(Object(Config\Paths))
CRITICAL - 2024-06-06 06:30:29 --> ParseError: syntax error, unexpected token ">"
[Method: GET, Route: kecamatan]
in APPPATH\Views\kecamatan\tampil.php on line 39.
 1 SYSTEMPATH\View\View.php(237): CodeIgniter\View\View->CodeIgniter\View\{closure}()
 2 SYSTEMPATH\Common.php(1171): CodeIgniter\View\View->render('kecamatan/tampil', [], true)
 3 APPPATH\Controllers\kecamatan.php(17): view('kecamatan/tampil', [...])
 4 APPPATH\Controllers\kecamatan.php(8): App\Controllers\Kecamatan->tampil()
 5 SYSTEMPATH\CodeIgniter.php(933): App\Controllers\Kecamatan->index()
 6 SYSTEMPATH\CodeIgniter.php(509): CodeIgniter\CodeIgniter->runController(Object(App\Controllers\Kecamatan))
 7 SYSTEMPATH\CodeIgniter.php(355): CodeIgniter\CodeIgniter->handleRequest(null, Object(Config\Cache), false)
 8 SYSTEMPATH\Boot.php(312): CodeIgniter\CodeIgniter->run()
 9 SYSTEMPATH\Boot.php(67): CodeIgniter\Boot::runCodeIgniter(Object(CodeIgniter\CodeIgniter))
10 FCPATH\index.php(56): CodeIgniter\Boot::bootWeb(Object(Config\Paths))
CRITICAL - 2024-06-06 06:31:50 --> ParseError: syntax error, unexpected token ">"
[Method: GET, Route: kecamatan]
in APPPATH\Views\kecamatan\tampil.php on line 39.
 1 SYSTEMPATH\View\View.php(237): CodeIgniter\View\View->CodeIgniter\View\{closure}()
 2 SYSTEMPATH\Common.php(1171): CodeIgniter\View\View->render('kecamatan/tampil', [], true)
 3 APPPATH\Controllers\kecamatan.php(17): view('kecamatan/tampil', [...])
 4 APPPATH\Controllers\kecamatan.php(8): App\Controllers\Kecamatan->tampil()
 5 SYSTEMPATH\CodeIgniter.php(933): App\Controllers\Kecamatan->index()
 6 SYSTEMPATH\CodeIgniter.php(509): CodeIgniter\CodeIgniter->runController(Object(App\Controllers\Kecamatan))
 7 SYSTEMPATH\CodeIgniter.php(355): CodeIgniter\CodeIgniter->handleRequest(null, Object(Config\Cache), false)
 8 SYSTEMPATH\Boot.php(312): CodeIgniter\CodeIgniter->run()
 9 SYSTEMPATH\Boot.php(67): CodeIgniter\Boot::runCodeIgniter(Object(CodeIgniter\CodeIgniter))
10 FCPATH\index.php(56): CodeIgniter\Boot::bootWeb(Object(Config\Paths))
CRITICAL - 2024-06-06 06:32:01 --> ParseError: syntax error, unexpected token ">"
[Method: GET, Route: sekolah]
in APPPATH\Views\sekolah\tampil.php on line 47.
 1 SYSTEMPATH\View\View.php(237): CodeIgniter\View\View->CodeIgniter\View\{closure}()
 2 SYSTEMPATH\Common.php(1171): CodeIgniter\View\View->render('sekolah/tampil', [], true)
 3 APPPATH\Controllers\sekolah.php(19): view('sekolah/tampil', [...])
 4 APPPATH\Controllers\sekolah.php(8): App\Controllers\Sekolah->tampil()
 5 SYSTEMPATH\CodeIgniter.php(933): App\Controllers\Sekolah->index()
 6 SYSTEMPATH\CodeIgniter.php(509): CodeIgniter\CodeIgniter->runController(Object(App\Controllers\Sekolah))
 7 SYSTEMPATH\CodeIgniter.php(355): CodeIgniter\CodeIgniter->handleRequest(null, Object(Config\Cache), false)
 8 SYSTEMPATH\Boot.php(312): CodeIgniter\CodeIgniter->run()
 9 SYSTEMPATH\Boot.php(67): CodeIgniter\Boot::runCodeIgniter(Object(CodeIgniter\CodeIgniter))
10 FCPATH\index.php(56): CodeIgniter\Boot::bootWeb(Object(Config\Paths))
CRITICAL - 2024-06-06 06:35:07 --> ParseError: syntax error, unexpected token ">"
[Method: GET, Route: kecamatan]
in APPPATH\Views\kecamatan\tampil.php on line 39.
 1 SYSTEMPATH\View\View.php(237): CodeIgniter\View\View->CodeIgniter\View\{closure}()
 2 SYSTEMPATH\Common.php(1171): CodeIgniter\View\View->render('kecamatan/tampil', [], true)
 3 APPPATH\Controllers\kecamatan.php(17): view('kecamatan/tampil', [...])
 4 APPPATH\Controllers\kecamatan.php(8): App\Controllers\Kecamatan->tampil()
 5 SYSTEMPATH\CodeIgniter.php(933): App\Controllers\Kecamatan->index()
 6 SYSTEMPATH\CodeIgniter.php(509): CodeIgniter\CodeIgniter->runController(Object(App\Controllers\Kecamatan))
 7 SYSTEMPATH\CodeIgniter.php(355): CodeIgniter\CodeIgniter->handleRequest(null, Object(Config\Cache), false)
 8 SYSTEMPATH\Boot.php(312): CodeIgniter\CodeIgniter->run()
 9 SYSTEMPATH\Boot.php(67): CodeIgniter\Boot::runCodeIgniter(Object(CodeIgniter\CodeIgniter))
10 FCPATH\index.php(56): CodeIgniter\Boot::bootWeb(Object(Config\Paths))
CRITICAL - 2024-06-06 06:36:40 --> ParseError: syntax error, unexpected token ">"
[Method: GET, Route: kecamatan]
in APPPATH\Views\kecamatan\tampil.php on line 39.
 1 SYSTEMPATH\View\View.php(237): CodeIgniter\View\View->CodeIgniter\View\{closure}()
 2 SYSTEMPATH\Common.php(1171): CodeIgniter\View\View->render('kecamatan/tampil', [], true)
 3 APPPATH\Controllers\kecamatan.php(17): view('kecamatan/tampil', [...])
 4 APPPATH\Controllers\kecamatan.php(8): App\Controllers\Kecamatan->tampil()
 5 SYSTEMPATH\CodeIgniter.php(933): App\Controllers\Kecamatan->index()
 6 SYSTEMPATH\CodeIgniter.php(509): CodeIgniter\CodeIgniter->runController(Object(App\Controllers\Kecamatan))
 7 SYSTEMPATH\CodeIgniter.php(355): CodeIgniter\CodeIgniter->handleRequest(null, Object(Config\Cache), false)
 8 SYSTEMPATH\Boot.php(312): CodeIgniter\CodeIgniter->run()
 9 SYSTEMPATH\Boot.php(67): CodeIgniter\Boot::runCodeIgniter(Object(CodeIgniter\CodeIgniter))
10 FCPATH\index.php(56): CodeIgniter\Boot::bootWeb(Object(Config\Paths))
CRITICAL - 2024-06-06 06:38:49 --> ParseError: syntax error, unexpected token ">"
[Method: GET, Route: kecamatan]
in APPPATH\Views\kecamatan\tampil.php on line 39.
 1 SYSTEMPATH\View\View.php(237): CodeIgniter\View\View->CodeIgniter\View\{closure}()
 2 SYSTEMPATH\Common.php(1171): CodeIgniter\View\View->render('kecamatan/tampil', [], true)
 3 APPPATH\Controllers\kecamatan.php(17): view('kecamatan/tampil', [...])
 4 APPPATH\Controllers\kecamatan.php(8): App\Controllers\Kecamatan->tampil()
 5 SYSTEMPATH\CodeIgniter.php(933): App\Controllers\Kecamatan->index()
 6 SYSTEMPATH\CodeIgniter.php(509): CodeIgniter\CodeIgniter->runController(Object(App\Controllers\Kecamatan))
 7 SYSTEMPATH\CodeIgniter.php(355): CodeIgniter\CodeIgniter->handleRequest(null, Object(Config\Cache), false)
 8 SYSTEMPATH\Boot.php(312): CodeIgniter\CodeIgniter->run()
 9 SYSTEMPATH\Boot.php(67): CodeIgniter\Boot::runCodeIgniter(Object(CodeIgniter\CodeIgniter))
10 FCPATH\index.php(56): CodeIgniter\Boot::bootWeb(Object(Config\Paths))
CRITICAL - 2024-06-06 06:39:05 --> ParseError: syntax error, unexpected token ">"
[Method: GET, Route: kecamatan]
in APPPATH\Views\kecamatan\tampil.php on line 39.
 1 SYSTEMPATH\View\View.php(237): CodeIgniter\View\View->CodeIgniter\View\{closure}()
 2 SYSTEMPATH\Common.php(1171): CodeIgniter\View\View->render('kecamatan/tampil', [], true)
 3 APPPATH\Controllers\kecamatan.php(17): view('kecamatan/tampil', [...])
 4 APPPATH\Controllers\kecamatan.php(8): App\Controllers\Kecamatan->tampil()
 5 SYSTEMPATH\CodeIgniter.php(933): App\Controllers\Kecamatan->index()
 6 SYSTEMPATH\CodeIgniter.php(509): CodeIgniter\CodeIgniter->runController(Object(App\Controllers\Kecamatan))
 7 SYSTEMPATH\CodeIgniter.php(355): CodeIgniter\CodeIgniter->handleRequest(null, Object(Config\Cache), false)
 8 SYSTEMPATH\Boot.php(312): CodeIgniter\CodeIgniter->run()
 9 SYSTEMPATH\Boot.php(67): CodeIgniter\Boot::runCodeIgniter(Object(CodeIgniter\CodeIgniter))
10 FCPATH\index.php(56): CodeIgniter\Boot::bootWeb(Object(Config\Paths))
CRITICAL - 2024-06-06 06:56:51 --> ParseError: syntax error, unexpected token ">"
[Method: GET, Route: kecamatan]
in APPPATH\Views\kecamatan\tampil.php on line 39.
 1 SYSTEMPATH\View\View.php(237): CodeIgniter\View\View->CodeIgniter\View\{closure}()
 2 SYSTEMPATH\Common.php(1171): CodeIgniter\View\View->render('kecamatan/tampil', [], true)
 3 APPPATH\Controllers\kecamatan.php(17): view('kecamatan/tampil', [...])
 4 APPPATH\Controllers\kecamatan.php(8): App\Controllers\Kecamatan->tampil()
 5 SYSTEMPATH\CodeIgniter.php(933): App\Controllers\Kecamatan->index()
 6 SYSTEMPATH\CodeIgniter.php(509): CodeIgniter\CodeIgniter->runController(Object(App\Controllers\Kecamatan))
 7 SYSTEMPATH\CodeIgniter.php(355): CodeIgniter\CodeIgniter->handleRequest(null, Object(Config\Cache), false)
 8 SYSTEMPATH\Boot.php(312): CodeIgniter\CodeIgniter->run()
 9 SYSTEMPATH\Boot.php(67): CodeIgniter\Boot::runCodeIgniter(Object(CodeIgniter\CodeIgniter))
10 FCPATH\index.php(56): CodeIgniter\Boot::bootWeb(Object(Config\Paths))
CRITICAL - 2024-06-06 06:57:03 --> ParseError: syntax error, unexpected token ">"
[Method: GET, Route: kecamatan]
in APPPATH\Views\kecamatan\tampil.php on line 39.
 1 SYSTEMPATH\View\View.php(237): CodeIgniter\View\View->CodeIgniter\View\{closure}()
 2 SYSTEMPATH\Common.php(1171): CodeIgniter\View\View->render('kecamatan/tampil', [], true)
 3 APPPATH\Controllers\kecamatan.php(17): view('kecamatan/tampil', [...])
 4 APPPATH\Controllers\kecamatan.php(8): App\Controllers\Kecamatan->tampil()
 5 SYSTEMPATH\CodeIgniter.php(933): App\Controllers\Kecamatan->index()
 6 SYSTEMPATH\CodeIgniter.php(509): CodeIgniter\CodeIgniter->runController(Object(App\Controllers\Kecamatan))
 7 SYSTEMPATH\CodeIgniter.php(355): CodeIgniter\CodeIgniter->handleRequest(null, Object(Config\Cache), false)
 8 SYSTEMPATH\Boot.php(312): CodeIgniter\CodeIgniter->run()
 9 SYSTEMPATH\Boot.php(67): CodeIgniter\Boot::runCodeIgniter(Object(CodeIgniter\CodeIgniter))
10 FCPATH\index.php(56): CodeIgniter\Boot::bootWeb(Object(Config\Paths))
CRITICAL - 2024-06-06 06:57:06 --> ParseError: syntax error, unexpected token ">"
[Method: GET, Route: kecamatan]
in APPPATH\Views\kecamatan\tampil.php on line 39.
 1 SYSTEMPATH\View\View.php(237): CodeIgniter\View\View->CodeIgniter\View\{closure}()
 2 SYSTEMPATH\Common.php(1171): CodeIgniter\View\View->render('kecamatan/tampil', [], true)
 3 APPPATH\Controllers\kecamatan.php(17): view('kecamatan/tampil', [...])
 4 APPPATH\Controllers\kecamatan.php(8): App\Controllers\Kecamatan->tampil()
 5 SYSTEMPATH\CodeIgniter.php(933): App\Controllers\Kecamatan->index()
 6 SYSTEMPATH\CodeIgniter.php(509): CodeIgniter\CodeIgniter->runController(Object(App\Controllers\Kecamatan))
 7 SYSTEMPATH\CodeIgniter.php(355): CodeIgniter\CodeIgniter->handleRequest(null, Object(Config\Cache), false)
 8 SYSTEMPATH\Boot.php(312): CodeIgniter\CodeIgniter->run()
 9 SYSTEMPATH\Boot.php(67): CodeIgniter\Boot::runCodeIgniter(Object(CodeIgniter\CodeIgniter))
10 FCPATH\index.php(56): CodeIgniter\Boot::bootWeb(Object(Config\Paths))
CRITICAL - 2024-06-06 06:57:18 --> ParseError: syntax error, unexpected token ">"
[Method: GET, Route: kecamatan]
in APPPATH\Views\kecamatan\tampil.php on line 39.
 1 SYSTEMPATH\View\View.php(237): CodeIgniter\View\View->CodeIgniter\View\{closure}()
 2 SYSTEMPATH\Common.php(1171): CodeIgniter\View\View->render('kecamatan/tampil', [], true)
 3 APPPATH\Controllers\kecamatan.php(17): view('kecamatan/tampil', [...])
 4 APPPATH\Controllers\kecamatan.php(8): App\Controllers\Kecamatan->tampil()
 5 SYSTEMPATH\CodeIgniter.php(933): App\Controllers\Kecamatan->index()
 6 SYSTEMPATH\CodeIgniter.php(509): CodeIgniter\CodeIgniter->runController(Object(App\Controllers\Kecamatan))
 7 SYSTEMPATH\CodeIgniter.php(355): CodeIgniter\CodeIgniter->handleRequest(null, Object(Config\Cache), false)
 8 SYSTEMPATH\Boot.php(312): CodeIgniter\CodeIgniter->run()
 9 SYSTEMPATH\Boot.php(67): CodeIgniter\Boot::runCodeIgniter(Object(CodeIgniter\CodeIgniter))
10 FCPATH\index.php(56): CodeIgniter\Boot::bootWeb(Object(Config\Paths))
CRITICAL - 2024-06-06 07:17:22 --> ParseError: syntax error, unexpected token ">"
[Method: GET, Route: kecamatan]
in APPPATH\Views\kecamatan\tampil.php on line 39.
 1 SYSTEMPATH\View\View.php(237): CodeIgniter\View\View->CodeIgniter\View\{closure}()
 2 SYSTEMPATH\Common.php(1171): CodeIgniter\View\View->render('kecamatan/tampil', [], true)
 3 APPPATH\Controllers\kecamatan.php(17): view('kecamatan/tampil', [...])
 4 APPPATH\Controllers\kecamatan.php(8): App\Controllers\Kecamatan->tampil()
 5 SYSTEMPATH\CodeIgniter.php(933): App\Controllers\Kecamatan->index()
 6 SYSTEMPATH\CodeIgniter.php(509): CodeIgniter\CodeIgniter->runController(Object(App\Controllers\Kecamatan))
 7 SYSTEMPATH\CodeIgniter.php(355): CodeIgniter\CodeIgniter->handleRequest(null, Object(Config\Cache), false)
 8 SYSTEMPATH\Boot.php(312): CodeIgniter\CodeIgniter->run()
 9 SYSTEMPATH\Boot.php(67): CodeIgniter\Boot::runCodeIgniter(Object(CodeIgniter\CodeIgniter))
10 FCPATH\index.php(56): CodeIgniter\Boot::bootWeb(Object(Config\Paths))
CRITICAL - 2024-06-06 07:19:17 --> ParseError: syntax error, unexpected token ">"
[Method: GET, Route: kecamatan]
in APPPATH\Views\kecamatan\tampil.php on line 39.
 1 SYSTEMPATH\View\View.php(237): CodeIgniter\View\View->CodeIgniter\View\{closure}()
 2 SYSTEMPATH\Common.php(1171): CodeIgniter\View\View->render('kecamatan/tampil', [], true)
 3 APPPATH\Controllers\kecamatan.php(17): view('kecamatan/tampil', [...])
 4 APPPATH\Controllers\kecamatan.php(8): App\Controllers\Kecamatan->tampil()
 5 SYSTEMPATH\CodeIgniter.php(933): App\Controllers\Kecamatan->index()
 6 SYSTEMPATH\CodeIgniter.php(509): CodeIgniter\CodeIgniter->runController(Object(App\Controllers\Kecamatan))
 7 SYSTEMPATH\CodeIgniter.php(355): CodeIgniter\CodeIgniter->handleRequest(null, Object(Config\Cache), false)
 8 SYSTEMPATH\Boot.php(312): CodeIgniter\CodeIgniter->run()
 9 SYSTEMPATH\Boot.php(67): CodeIgniter\Boot::runCodeIgniter(Object(CodeIgniter\CodeIgniter))
10 FCPATH\index.php(56): CodeIgniter\Boot::bootWeb(Object(Config\Paths))
CRITICAL - 2024-06-06 07:19:18 --> ParseError: syntax error, unexpected token ">"
[Method: GET, Route: kecamatan]
in APPPATH\Views\kecamatan\tampil.php on line 39.
 1 SYSTEMPATH\View\View.php(237): CodeIgniter\View\View->CodeIgniter\View\{closure}()
 2 SYSTEMPATH\Common.php(1171): CodeIgniter\View\View->render('kecamatan/tampil', [], true)
 3 APPPATH\Controllers\kecamatan.php(17): view('kecamatan/tampil', [...])
 4 APPPATH\Controllers\kecamatan.php(8): App\Controllers\Kecamatan->tampil()
 5 SYSTEMPATH\CodeIgniter.php(933): App\Controllers\Kecamatan->index()
 6 SYSTEMPATH\CodeIgniter.php(509): CodeIgniter\CodeIgniter->runController(Object(App\Controllers\Kecamatan))
 7 SYSTEMPATH\CodeIgniter.php(355): CodeIgniter\CodeIgniter->handleRequest(null, Object(Config\Cache), false)
 8 SYSTEMPATH\Boot.php(312): CodeIgniter\CodeIgniter->run()
 9 SYSTEMPATH\Boot.php(67): CodeIgniter\Boot::runCodeIgniter(Object(CodeIgniter\CodeIgniter))
10 FCPATH\index.php(56): CodeIgniter\Boot::bootWeb(Object(Config\Paths))
CRITICAL - 2024-06-06 07:19:18 --> ParseError: syntax error, unexpected token ">"
[Method: GET, Route: kecamatan]
in APPPATH\Views\kecamatan\tampil.php on line 39.
 1 SYSTEMPATH\View\View.php(237): CodeIgniter\View\View->CodeIgniter\View\{closure}()
 2 SYSTEMPATH\Common.php(1171): CodeIgniter\View\View->render('kecamatan/tampil', [], true)
 3 APPPATH\Controllers\kecamatan.php(17): view('kecamatan/tampil', [...])
 4 APPPATH\Controllers\kecamatan.php(8): App\Controllers\Kecamatan->tampil()
 5 SYSTEMPATH\CodeIgniter.php(933): App\Controllers\Kecamatan->index()
 6 SYSTEMPATH\CodeIgniter.php(509): CodeIgniter\CodeIgniter->runController(Object(App\Controllers\Kecamatan))
 7 SYSTEMPATH\CodeIgniter.php(355): CodeIgniter\CodeIgniter->handleRequest(null, Object(Config\Cache), false)
 8 SYSTEMPATH\Boot.php(312): CodeIgniter\CodeIgniter->run()
 9 SYSTEMPATH\Boot.php(67): CodeIgniter\Boot::runCodeIgniter(Object(CodeIgniter\CodeIgniter))
10 FCPATH\index.php(56): CodeIgniter\Boot::bootWeb(Object(Config\Paths))
CRITICAL - 2024-06-06 07:19:18 --> ParseError: syntax error, unexpected token ">"
[Method: GET, Route: kecamatan]
in APPPATH\Views\kecamatan\tampil.php on line 39.
 1 SYSTEMPATH\View\View.php(237): CodeIgniter\View\View->CodeIgniter\View\{closure}()
 2 SYSTEMPATH\Common.php(1171): CodeIgniter\View\View->render('kecamatan/tampil', [], true)
 3 APPPATH\Controllers\kecamatan.php(17): view('kecamatan/tampil', [...])
 4 APPPATH\Controllers\kecamatan.php(8): App\Controllers\Kecamatan->tampil()
 5 SYSTEMPATH\CodeIgniter.php(933): App\Controllers\Kecamatan->index()
 6 SYSTEMPATH\CodeIgniter.php(509): CodeIgniter\CodeIgniter->runController(Object(App\Controllers\Kecamatan))
 7 SYSTEMPATH\CodeIgniter.php(355): CodeIgniter\CodeIgniter->handleRequest(null, Object(Config\Cache), false)
 8 SYSTEMPATH\Boot.php(312): CodeIgniter\CodeIgniter->run()
 9 SYSTEMPATH\Boot.php(67): CodeIgniter\Boot::runCodeIgniter(Object(CodeIgniter\CodeIgniter))
10 FCPATH\index.php(56): CodeIgniter\Boot::bootWeb(Object(Config\Paths))
CRITICAL - 2024-06-06 07:19:19 --> ParseError: syntax error, unexpected token ">"
[Method: GET, Route: kecamatan]
in APPPATH\Views\kecamatan\tampil.php on line 39.
 1 SYSTEMPATH\View\View.php(237): CodeIgniter\View\View->CodeIgniter\View\{closure}()
 2 SYSTEMPATH\Common.php(1171): CodeIgniter\View\View->render('kecamatan/tampil', [], true)
 3 APPPATH\Controllers\kecamatan.php(17): view('kecamatan/tampil', [...])
 4 APPPATH\Controllers\kecamatan.php(8): App\Controllers\Kecamatan->tampil()
 5 SYSTEMPATH\CodeIgniter.php(933): App\Controllers\Kecamatan->index()
 6 SYSTEMPATH\CodeIgniter.php(509): CodeIgniter\CodeIgniter->runController(Object(App\Controllers\Kecamatan))
 7 SYSTEMPATH\CodeIgniter.php(355): CodeIgniter\CodeIgniter->handleRequest(null, Object(Config\Cache), false)
 8 SYSTEMPATH\Boot.php(312): CodeIgniter\CodeIgniter->run()
 9 SYSTEMPATH\Boot.php(67): CodeIgniter\Boot::runCodeIgniter(Object(CodeIgniter\CodeIgniter))
10 FCPATH\index.php(56): CodeIgniter\Boot::bootWeb(Object(Config\Paths))
CRITICAL - 2024-06-06 07:19:19 --> ParseError: syntax error, unexpected token ">"
[Method: GET, Route: kecamatan]
in APPPATH\Views\kecamatan\tampil.php on line 39.
 1 SYSTEMPATH\View\View.php(237): CodeIgniter\View\View->CodeIgniter\View\{closure}()
 2 SYSTEMPATH\Common.php(1171): CodeIgniter\View\View->render('kecamatan/tampil', [], true)
 3 APPPATH\Controllers\kecamatan.php(17): view('kecamatan/tampil', [...])
 4 APPPATH\Controllers\kecamatan.php(8): App\Controllers\Kecamatan->tampil()
 5 SYSTEMPATH\CodeIgniter.php(933): App\Controllers\Kecamatan->index()
 6 SYSTEMPATH\CodeIgniter.php(509): CodeIgniter\CodeIgniter->runController(Object(App\Controllers\Kecamatan))
 7 SYSTEMPATH\CodeIgniter.php(355): CodeIgniter\CodeIgniter->handleRequest(null, Object(Config\Cache), false)
 8 SYSTEMPATH\Boot.php(312): CodeIgniter\CodeIgniter->run()
 9 SYSTEMPATH\Boot.php(67): CodeIgniter\Boot::runCodeIgniter(Object(CodeIgniter\CodeIgniter))
10 FCPATH\index.php(56): CodeIgniter\Boot::bootWeb(Object(Config\Paths))
CRITICAL - 2024-06-06 07:21:15 --> ParseError: syntax error, unexpected token ">"
[Method: GET, Route: kecamatan]
in APPPATH\Views\kecamatan\tampil.php on line 40.
 1 SYSTEMPATH\View\View.php(237): CodeIgniter\View\View->CodeIgniter\View\{closure}()
 2 SYSTEMPATH\Common.php(1171): CodeIgniter\View\View->render('kecamatan/tampil', [], true)
 3 APPPATH\Controllers\kecamatan.php(17): view('kecamatan/tampil', [...])
 4 APPPATH\Controllers\kecamatan.php(8): App\Controllers\Kecamatan->tampil()
 5 SYSTEMPATH\CodeIgniter.php(933): App\Controllers\Kecamatan->index()
 6 SYSTEMPATH\CodeIgniter.php(509): CodeIgniter\CodeIgniter->runController(Object(App\Controllers\Kecamatan))
 7 SYSTEMPATH\CodeIgniter.php(355): CodeIgniter\CodeIgniter->handleRequest(null, Object(Config\Cache), false)
 8 SYSTEMPATH\Boot.php(312): CodeIgniter\CodeIgniter->run()
 9 SYSTEMPATH\Boot.php(67): CodeIgniter\Boot::runCodeIgniter(Object(CodeIgniter\CodeIgniter))
10 FCPATH\index.php(56): CodeIgniter\Boot::bootWeb(Object(Config\Paths))
CRITICAL - 2024-06-06 07:21:19 --> ParseError: syntax error, unexpected token ">"
[Method: GET, Route: sekolah]
in APPPATH\Views\sekolah\tampil.php on line 46.
 1 SYSTEMPATH\View\View.php(237): CodeIgniter\View\View->CodeIgniter\View\{closure}()
 2 SYSTEMPATH\Common.php(1171): CodeIgniter\View\View->render('sekolah/tampil', [], true)
 3 APPPATH\Controllers\sekolah.php(19): view('sekolah/tampil', [...])
 4 APPPATH\Controllers\sekolah.php(8): App\Controllers\Sekolah->tampil()
 5 SYSTEMPATH\CodeIgniter.php(933): App\Controllers\Sekolah->index()
 6 SYSTEMPATH\CodeIgniter.php(509): CodeIgniter\CodeIgniter->runController(Object(App\Controllers\Sekolah))
 7 SYSTEMPATH\CodeIgniter.php(355): CodeIgniter\CodeIgniter->handleRequest(null, Object(Config\Cache), false)
 8 SYSTEMPATH\Boot.php(312): CodeIgniter\CodeIgniter->run()
 9 SYSTEMPATH\Boot.php(67): CodeIgniter\Boot::runCodeIgniter(Object(CodeIgniter\CodeIgniter))
10 FCPATH\index.php(56): CodeIgniter\Boot::bootWeb(Object(Config\Paths))
CRITICAL - 2024-06-06 07:21:22 --> ParseError: syntax error, unexpected token ">"
[Method: GET, Route: sekolah]
in APPPATH\Views\sekolah\tampil.php on line 46.
 1 SYSTEMPATH\View\View.php(237): CodeIgniter\View\View->CodeIgniter\View\{closure}()
 2 SYSTEMPATH\Common.php(1171): CodeIgniter\View\View->render('sekolah/tampil', [], true)
 3 APPPATH\Controllers\sekolah.php(19): view('sekolah/tampil', [...])
 4 APPPATH\Controllers\sekolah.php(8): App\Controllers\Sekolah->tampil()
 5 SYSTEMPATH\CodeIgniter.php(933): App\Controllers\Sekolah->index()
 6 SYSTEMPATH\CodeIgniter.php(509): CodeIgniter\CodeIgniter->runController(Object(App\Controllers\Sekolah))
 7 SYSTEMPATH\CodeIgniter.php(355): CodeIgniter\CodeIgniter->handleRequest(null, Object(Config\Cache), false)
 8 SYSTEMPATH\Boot.php(312): CodeIgniter\CodeIgniter->run()
 9 SYSTEMPATH\Boot.php(67): CodeIgniter\Boot::runCodeIgniter(Object(CodeIgniter\CodeIgniter))
10 FCPATH\index.php(56): CodeIgniter\Boot::bootWeb(Object(Config\Paths))
CRITICAL - 2024-06-06 07:21:46 --> ParseError: syntax error, unexpected token "?", expecting end of file
[Method: GET, Route: sekolah]
in APPPATH\Views\sekolah\tampil.php on line 63.
 1 SYSTEMPATH\View\View.php(237): CodeIgniter\View\View->CodeIgniter\View\{closure}()
 2 SYSTEMPATH\Common.php(1171): CodeIgniter\View\View->render('sekolah/tampil', [], true)
 3 APPPATH\Controllers\sekolah.php(19): view('sekolah/tampil', [...])
 4 APPPATH\Controllers\sekolah.php(8): App\Controllers\Sekolah->tampil()
 5 SYSTEMPATH\CodeIgniter.php(933): App\Controllers\Sekolah->index()
 6 SYSTEMPATH\CodeIgniter.php(509): CodeIgniter\CodeIgniter->runController(Object(App\Controllers\Sekolah))
 7 SYSTEMPATH\CodeIgniter.php(355): CodeIgniter\CodeIgniter->handleRequest(null, Object(Config\Cache), false)
 8 SYSTEMPATH\Boot.php(312): CodeIgniter\CodeIgniter->run()
 9 SYSTEMPATH\Boot.php(67): CodeIgniter\Boot::runCodeIgniter(Object(CodeIgniter\CodeIgniter))
10 FCPATH\index.php(56): CodeIgniter\Boot::bootWeb(Object(Config\Paths))
CRITICAL - 2024-06-06 07:23:35 --> ParseError: syntax error, unexpected token ">"
[Method: GET, Route: kecamatan]
in APPPATH\Views\kecamatan\tampil.php on line 40.
 1 SYSTEMPATH\View\View.php(237): CodeIgniter\View\View->CodeIgniter\View\{closure}()
 2 SYSTEMPATH\Common.php(1171): CodeIgniter\View\View->render('kecamatan/tampil', [], true)
 3 APPPATH\Controllers\kecamatan.php(17): view('kecamatan/tampil', [...])
 4 APPPATH\Controllers\kecamatan.php(8): App\Controllers\Kecamatan->tampil()
 5 SYSTEMPATH\CodeIgniter.php(933): App\Controllers\Kecamatan->index()
 6 SYSTEMPATH\CodeIgniter.php(509): CodeIgniter\CodeIgniter->runController(Object(App\Controllers\Kecamatan))
 7 SYSTEMPATH\CodeIgniter.php(355): CodeIgniter\CodeIgniter->handleRequest(null, Object(Config\Cache), false)
 8 SYSTEMPATH\Boot.php(312): CodeIgniter\CodeIgniter->run()
 9 SYSTEMPATH\Boot.php(67): CodeIgniter\Boot::runCodeIgniter(Object(CodeIgniter\CodeIgniter))
10 FCPATH\index.php(56): CodeIgniter\Boot::bootWeb(Object(Config\Paths))
CRITICAL - 2024-06-06 07:23:47 --> ParseError: syntax error, unexpected token ">"
[Method: GET, Route: kecamatan]
in APPPATH\Views\kecamatan\tampil.php on line 44.
 1 SYSTEMPATH\View\View.php(237): CodeIgniter\View\View->CodeIgniter\View\{closure}()
 2 SYSTEMPATH\Common.php(1171): CodeIgniter\View\View->render('kecamatan/tampil', [], true)
 3 APPPATH\Controllers\kecamatan.php(17): view('kecamatan/tampil', [...])
 4 APPPATH\Controllers\kecamatan.php(8): App\Controllers\Kecamatan->tampil()
 5 SYSTEMPATH\CodeIgniter.php(933): App\Controllers\Kecamatan->index()
 6 SYSTEMPATH\CodeIgniter.php(509): CodeIgniter\CodeIgniter->runController(Object(App\Controllers\Kecamatan))
 7 SYSTEMPATH\CodeIgniter.php(355): CodeIgniter\CodeIgniter->handleRequest(null, Object(Config\Cache), false)
 8 SYSTEMPATH\Boot.php(312): CodeIgniter\CodeIgniter->run()
 9 SYSTEMPATH\Boot.php(67): CodeIgniter\Boot::runCodeIgniter(Object(CodeIgniter\CodeIgniter))
10 FCPATH\index.php(56): CodeIgniter\Boot::bootWeb(Object(Config\Paths))
